<?xml version="1.0" encoding="UTF-8"?>
<!-- Generated by org.testng.reporters.JUnitReportReporter -->
<testsuite skipped="0" hostname="G18KLMOHITCH" name="com.koovs.web_automation.TestCases.KoovsLandingPage" tests="1" failures="0" timestamp="15 Jun 2019 17:19:12 GMT" time="25.456" errors="0">
  <testcase name="verifyKoovsLogo" time="25.456" classname="com.koovs.web_automation.TestCases.KoovsLandingPage"/>
</testsuite> <!-- com.koovs.web_automation.TestCases.KoovsLandingPage -->
