<?xml version="1.0" encoding="UTF-8"?>
<!-- Generated by org.testng.reporters.JUnitReportReporter -->
<testsuite skipped="0" hostname="G18KLMOHITCH" name="com.koovs.web_automation.TestCases.Test_KoovsLandingPage" tests="2" failures="0" timestamp="23 Jun 2019 11:39:59 GMT" time="93.827" errors="0">
  <testcase name="verifyKoovsLogoTest" time="74.474" classname="com.koovs.web_automation.TestCases.Test_KoovsLandingPage"/>
  <testcase name="verifyCODbannerLinkTest" time="19.353" classname="com.koovs.web_automation.TestCases.Test_KoovsLandingPage"/>
</testsuite> <!-- com.koovs.web_automation.TestCases.Test_KoovsLandingPage -->
