<?xml version="1.0" encoding="UTF-8"?>
<!-- Generated by org.testng.reporters.JUnitReportReporter -->
<testsuite skipped="0" hostname="G18KLMOHITCH" name="com.koovs.web_automation.TestCases.Test_KoovsLandingPage" tests="2" failures="0" timestamp="18 Jun 2019 19:29:50 GMT" time="38.468" errors="0">
  <testcase name="verifyCODbannerLinkTest" time="24.100" classname="com.koovs.web_automation.TestCases.Test_KoovsLandingPage"/>
  <testcase name="verifyKoovsLogoTest" time="14.368" classname="com.koovs.web_automation.TestCases.Test_KoovsLandingPage"/>
</testsuite> <!-- com.koovs.web_automation.TestCases.Test_KoovsLandingPage -->
